Using pre-set license
Built from '2021.3/staging' branch; Version is '2021.3.13f1 (9e7d58001ecf) revision 10386776'; Using compiler version '192829333'; Build Type 'Release'
OS: 'Windows 10  (10.0.19045) 64bit CoreSingleLanguage' Language: 'es' Physical Memory: 16167 MB
BatchMode: 1, IsHumanControllingUs: 0, StartBugReporterOnCrash: 0, Is64bit: 1, IsPro: 1

COMMAND LINE ARGUMENTS:
C:\Program Files\Unity\Hub\Editor\2021.3.13f1\Editor\Unity.exe
-adb2
-batchMode
-noUpm
-name
AssetImportWorker0
-projectPath
C:/Users/aabr1/Documents/GitHub/LevelDesing101/Level 1
-logFile
Logs/AssetImportWorker0.log
-srvPort
50034
Successfully changed project path to: C:/Users/aabr1/Documents/GitHub/LevelDesing101/Level 1
C:/Users/aabr1/Documents/GitHub/LevelDesing101/Level 1
[UnityMemory] Configuration Parameters - Can be set up in boot.config
    "memorysetup-bucket-allocator-granularity=16"
    "memorysetup-bucket-allocator-bucket-count=8"
    "memorysetup-bucket-allocator-block-size=33554432"
    "memorysetup-bucket-allocator-block-count=8"
    "memorysetup-main-allocator-block-size=16777216"
    "memorysetup-thread-allocator-block-size=16777216"
    "memorysetup-gfx-main-allocator-block-size=16777216"
    "memorysetup-gfx-thread-allocator-block-size=16777216"
    "memorysetup-cache-allocator-block-size=4194304"
    "memorysetup-typetree-allocator-block-size=2097152"
    "memorysetup-profiler-bucket-allocator-granularity=16"
    "memorysetup-profiler-bucket-allocator-bucket-count=8"
    "memorysetup-profiler-bucket-allocator-block-size=33554432"
    "memorysetup-profiler-bucket-allocator-block-count=8"
    "memorysetup-profiler-allocator-block-size=16777216"
    "memorysetup-profiler-editor-allocator-block-size=1048576"
    "memorysetup-temp-allocator-size-main=16777216"
    "memorysetup-job-temp-allocator-block-size=2097152"
    "memorysetup-job-temp-allocator-block-size-background=1048576"
    "memorysetup-job-temp-allocator-reduction-small-platforms=262144"
    "memorysetup-temp-allocator-size-background-worker=32768"
    "memorysetup-temp-allocator-size-job-worker=262144"
    "memorysetup-temp-allocator-size-preload-manager=33554432"
    "memorysetup-temp-allocator-size-nav-mesh-worker=65536"
    "memorysetup-temp-allocator-size-audio-worker=65536"
    "memorysetup-temp-allocator-size-cloud-worker=32768"
    "memorysetup-temp-allocator-size-gi-baking-worker=262144"
    "memorysetup-temp-allocator-size-gfx=262144"
Refreshing native plugins compatible for Editor in 63.08 ms, found 3 plugins.
Preloading 0 native plugins for Editor in 0.00 ms.
Initialize engine version: 2021.3.13f1 (9e7d58001ecf)
[Subsystems] Discovering subsystems at path C:/Program Files/Unity/Hub/Editor/2021.3.13f1/Editor/Data/Resources/UnitySubsystems
[Subsystems] Discovering subsystems at path C:/Users/aabr1/Documents/GitHub/LevelDesing101/Level 1/Assets
GfxDevice: creating device client; threaded=0; jobified=0
Direct3D:
    Version:  Direct3D 11.0 [level 11.1]
    Renderer: NVIDIA GeForce MX450 (ID=0x1f97)
    Vendor:   NVIDIA
    VRAM:     1928 MB
    Driver:   31.0.15.1748
Initialize mono
Mono path[0] = 'C:/Program Files/Unity/Hub/Editor/2021.3.13f1/Editor/Data/Managed'
Mono path[1] = 'C:/Program Files/Unity/Hub/Editor/2021.3.13f1/Editor/Data/MonoBleedingEdge/lib/mono/unityjit-win32'
Mono config path = 'C:/Program Files/Unity/Hub/Editor/2021.3.13f1/Editor/Data/MonoBleedingEdge/etc'
Using monoOptions --debugger-agent=transport=dt_socket,embedding=1,server=y,suspend=n,address=127.0.0.1:56612
Begin MonoManager ReloadAssembly
Registering precompiled unity dll's ...
Register platform support module: C:/Program Files/Unity/Hub/Editor/2021.3.13f1/Editor/Data/PlaybackEngines/WindowsStandaloneSupport/UnityEditor.WindowsStandalone.Extensions.dll
Registered in 0.005346 seconds.
Native extension for WindowsStandalone target not found
Refreshing native plugins compatible for Editor in 70.70 ms, found 3 plugins.
Preloading 0 native plugins for Editor in 0.00 ms.
Mono: successfully reloaded assembly
- Completed reload, in  0.591 seconds
Domain Reload Profiling:
	ReloadAssembly (592ms)
		BeginReloadAssembly (65ms)
			ExecutionOrderSort (0ms)
			DisableScriptedObjects (0ms)
			BackupInstance (0ms)
			ReleaseScriptingObjects (0ms)
			CreateAndSetChildDomain (1ms)
		EndReloadAssembly (428ms)
			LoadAssemblies (61ms)
			RebuildTransferFunctionScriptingTraits (0ms)
			SetupTypeCache (105ms)
			ReleaseScriptCaches (0ms)
			RebuildScriptCaches (27ms)
			SetupLoadedEditorAssemblies (245ms)
				LogAssemblyErrors (0ms)
				InitializePlatformSupportModulesInManaged (7ms)
				SetLoadedEditorAssemblies (0ms)
				RefreshPlugins (71ms)
				BeforeProcessingInitializeOnLoad (1ms)
				ProcessInitializeOnLoadAttributes (124ms)
				ProcessInitializeOnLoadMethodAttributes (42ms)
				AfterProcessingInitializeOnLoad (0ms)
				EditorAssembliesLoaded (0ms)
			ExecutionOrderSort2 (0ms)
			AwakeInstancesAfterBackupRestoration (0ms)
Platform modules already initialized, skipping
Registering precompiled user dll's ...
Registered in 0.005718 seconds.
Begin MonoManager ReloadAssembly
Symbol file LoadedFromMemory doesn't match image C:\Users\aabr1\Documents\GitHub\LevelDesing101\Level 1\Library\PackageCache\com.unity.visualscripting@1.7.8\Editor\VisualScripting.Core\Dependencies\YamlDotNet\Unity.VisualScripting.YamlDotNet.dll
Symbol file LoadedFromMemory doesn't match image C:\Users\aabr1\Documents\GitHub\LevelDesing101\Level 1\Library\PackageCache\com.unity.visualscripting@1.7.8\Editor\VisualScripting.Core\Dependencies\DotNetZip\Unity.VisualScripting.IonicZip.dll
Native extension for WindowsStandalone target not found
Refreshing native plugins compatible for Editor in 0.43 ms, found 3 plugins.
Preloading 0 native plugins for Editor in 0.00 ms.
Mono: successfully reloaded assembly
- Completed reload, in  0.886 seconds
Domain Reload Profiling:
	ReloadAssembly (887ms)
		BeginReloadAssembly (93ms)
			ExecutionOrderSort (0ms)
			DisableScriptedObjects (5ms)
			BackupInstance (0ms)
			ReleaseScriptingObjects (0ms)
			CreateAndSetChildDomain (16ms)
		EndReloadAssembly (694ms)
			LoadAssemblies (70ms)
			RebuildTransferFunctionScriptingTraits (0ms)
			SetupTypeCache (236ms)
			ReleaseScriptCaches (0ms)
			RebuildScriptCaches (45ms)
			SetupLoadedEditorAssemblies (311ms)
				LogAssemblyErrors (0ms)
				InitializePlatformSupportModulesInManaged (4ms)
				SetLoadedEditorAssemblies (0ms)
				RefreshPlugins (0ms)
				BeforeProcessingInitializeOnLoad (71ms)
				ProcessInitializeOnLoadAttributes (202ms)
				ProcessInitializeOnLoadMethodAttributes (28ms)
				AfterProcessingInitializeOnLoad (6ms)
				EditorAssembliesLoaded (0ms)
			ExecutionOrderSort2 (0ms)
			AwakeInstancesAfterBackupRestoration (5ms)
Platform modules already initialized, skipping
========================================================================
Worker process is ready to serve import requests
Launched and connected shader compiler UnityShaderCompiler.exe after 0.04 seconds
Refreshing native plugins compatible for Editor in 0.70 ms, found 3 plugins.
Preloading 0 native plugins for Editor in 0.00 ms.
Unloading 3350 Unused Serialized files (Serialized files now loaded: 0)
Unloading 25 unused Assets / (56.1 KB). Loaded Objects now: 3809.
Memory consumption went from 115.2 MB to 115.1 MB.
Total: 4.000500 ms (FindLiveObjects: 0.437400 ms CreateObjectMapping: 0.115500 ms MarkObjects: 3.362600 ms  DeleteObjects: 0.083400 ms)

AssetImportParameters requested are different than current active one (requested -> active):
  custom:video-decoder-ogg-theora: a1e56fd34408186e4bbccfd4996cb3dc -> 
  custom:container-muxer-webm: aa71ff27fc2769a1b78a27578f13a17b -> 
  custom:container-demuxer-webm: 4f35f7cbe854078d1ac9338744f61a02 -> 
  custom:video-encoder-webm-vp8: eb34c28f22e8b96e1ab97ce403110664 -> 
  custom:video-codec-MediaFoundation-h265: 746d11721c4dcdbdad8f713fa42b33f4 -> 
  custom:audio-encoder-webm-vorbis: bf7c407c2cedff20999df2af8eb42d56 -> 
  custom:framework-win-MediaFoundation: 216162199b28c13a410421893ffa2e32 -> 
  custom:container-demuxer-ogg: 62fdf1f143b41e24485cea50d1cbac27 -> 
  custom:video-decoder-webm-vp8: 9c59270c3fd7afecdb556c50c9e8de78 -> 
  custom:audio-decoder-ogg-vorbis: bf7c407c2cedff20999df2af8eb42d56 -> 
========================================================================
Received Import Request.
  Time since last request: 263.347745 seconds.
  path: Assets/Materiales/square_Checker.mat
  artifactKey: Guid(9d049cb4bd051894f82ddbdd77009c87) Importer(815301076,1909f56bfc062723c751e8b465ee728b)
Start importing Assets/Materiales/square_Checker.mat using Guid(9d049cb4bd051894f82ddbdd77009c87) Importer(815301076,1909f56bfc062723c751e8b465ee728b)  -> (artifact id: 'c4036536c3a629df82271b5e4140008f') in 0.136552 seconds 
========================================================================
Received Import Request.
  Time since last request: 0.000024 seconds.
  path: Assets/Materiales
  artifactKey: Guid(56139e84ce0b19640aac4f6eb6693e37) Importer(815301076,1909f56bfc062723c751e8b465ee728b)
Start importing Assets/Materiales using Guid(56139e84ce0b19640aac4f6eb6693e37) Importer(815301076,1909f56bfc062723c751e8b465ee728b)  -> (artifact id: '92501e23b18290306fa8ec98fb5819fe') in 0.002451 seconds 
========================================================================
Received Import Request.
  Time since last request: 0.000035 seconds.
  path: Assets/Materiales/Grid_Checker.mat
  artifactKey: Guid(f2399a6da34f0a744a2394d9a8a2f84f) Importer(815301076,1909f56bfc062723c751e8b465ee728b)
Start importing Assets/Materiales/Grid_Checker.mat using Guid(f2399a6da34f0a744a2394d9a8a2f84f) Importer(815301076,1909f56bfc062723c751e8b465ee728b)  -> (artifact id: 'a0f079859d65749ad6bf8c59aa47099a') in 0.010676 seconds 
========================================================================
Received Import Request.
  Time since last request: 80.879206 seconds.
  path: Assets/Materiales/Grid_Checker 2.mat
  artifactKey: Guid(7b0bdec5524ade44aaf7f96c780ee9e9) Importer(815301076,1909f56bfc062723c751e8b465ee728b)
Start importing Assets/Materiales/Grid_Checker 2.mat using Guid(7b0bdec5524ade44aaf7f96c780ee9e9) Importer(815301076,1909f56bfc062723c751e8b465ee728b)  -> (artifact id: 'a65cd9954c5ee9ca42dce0d18f92e90c') in 0.013837 seconds 
========================================================================
Received Import Request.
  Time since last request: 28.077310 seconds.
  path: Assets/Materiales/Grid_Checker 2.mat
  artifactKey: Guid(7b0bdec5524ade44aaf7f96c780ee9e9) Importer(815301076,1909f56bfc062723c751e8b465ee728b)
Start importing Assets/Materiales/Grid_Checker 2.mat using Guid(7b0bdec5524ade44aaf7f96c780ee9e9) Importer(815301076,1909f56bfc062723c751e8b465ee728b)  -> (artifact id: 'bec20e94c9cd86990bc5fd1333eb1127') in 0.014578 seconds 
========================================================================
Received Import Request.
  Time since last request: 17.034361 seconds.
  path: Assets/Materiales/Grid_Checker 3.mat
  artifactKey: Guid(48dd17813dc800e4a9392844117ee7db) Importer(815301076,1909f56bfc062723c751e8b465ee728b)
Start importing Assets/Materiales/Grid_Checker 3.mat using Guid(48dd17813dc800e4a9392844117ee7db) Importer(815301076,1909f56bfc062723c751e8b465ee728b)  -> (artifact id: 'd6ada4ba0afdc3cb1a846b86be3c005c') in 0.015197 seconds 
========================================================================
Received Import Request.
  Time since last request: 15.885663 seconds.
  path: Assets/Materiales/Grid_Checker 4.mat
  artifactKey: Guid(5df7b1221eb49424b9dcf96f75da4a73) Importer(815301076,1909f56bfc062723c751e8b465ee728b)
Start importing Assets/Materiales/Grid_Checker 4.mat using Guid(5df7b1221eb49424b9dcf96f75da4a73) Importer(815301076,1909f56bfc062723c751e8b465ee728b)  -> (artifact id: '7b50cd8a51c14c39e4935e405a77655b') in 0.014161 seconds 
========================================================================
Received Import Request.
  Time since last request: 11.834644 seconds.
  path: Assets/Materiales/Grid_Checker 5.mat
  artifactKey: Guid(c981b996308b84149a03e7efb6000478) Importer(815301076,1909f56bfc062723c751e8b465ee728b)
Start importing Assets/Materiales/Grid_Checker 5.mat using Guid(c981b996308b84149a03e7efb6000478) Importer(815301076,1909f56bfc062723c751e8b465ee728b)  -> (artifact id: '29a3b3fd8c54bd6796f34902b15bd221') in 0.242243 seconds 
========================================================================
Received Import Request.
  Time since last request: 34.008529 seconds.
  path: Assets/Blocking Models/Alacena.obj
  artifactKey: Guid(7e9cc01a5632bae418bd6f459042334b) Importer(815301076,1909f56bfc062723c751e8b465ee728b)
Start importing Assets/Blocking Models/Alacena.obj using Guid(7e9cc01a5632bae418bd6f459042334b) Importer(815301076,1909f56bfc062723c751e8b465ee728b)  -> (artifact id: '5e2a0f03784c420b0300599538f3409a') in 2.442705 seconds 
========================================================================
Received Import Request.
  Time since last request: 0.000034 seconds.
  path: Assets/Blocking Models/Horno_UV.obj
  artifactKey: Guid(a167b78553e84f941b5a6ddaeec2d0fa) Importer(815301076,1909f56bfc062723c751e8b465ee728b)
Start importing Assets/Blocking Models/Horno_UV.obj using Guid(a167b78553e84f941b5a6ddaeec2d0fa) Importer(815301076,1909f56bfc062723c751e8b465ee728b)  -> (artifact id: '25eca8c823e5ab4f118113e547007ff2') in 0.047489 seconds 
========================================================================
Received Import Request.
  Time since last request: 0.000049 seconds.
  path: Assets/Blocking Models/Tabla_Uv.obj
  artifactKey: Guid(b9796e426a171f44fa5bda58714d70fa) Importer(815301076,1909f56bfc062723c751e8b465ee728b)
Start importing Assets/Blocking Models/Tabla_Uv.obj using Guid(b9796e426a171f44fa5bda58714d70fa) Importer(815301076,1909f56bfc062723c751e8b465ee728b)  -> (artifact id: 'fcd8777bd6006936d345d1003f9ddf8a') in 0.109786 seconds 
========================================================================
Received Import Request.
  Time since last request: 0.000027 seconds.
  path: Assets/Blocking Models/Escoba_Uv.obj
  artifactKey: Guid(b7cbf73cd826b3a449ff1e93a39e0ca2) Importer(815301076,1909f56bfc062723c751e8b465ee728b)
Start importing Assets/Blocking Models/Escoba_Uv.obj using Guid(b7cbf73cd826b3a449ff1e93a39e0ca2) Importer(815301076,1909f56bfc062723c751e8b465ee728b)  -> (artifact id: 'ca789886055a54b875da58eac475481d') in 0.028398 seconds 
========================================================================
Received Import Request.
  Time since last request: 1189.822813 seconds.
  path: Assets/Blocking Models/Bote Yogurt 1lt.fbx
  artifactKey: Guid(2e20aac35e889984da34ea71e0a981d0) Importer(815301076,1909f56bfc062723c751e8b465ee728b)
Start importing Assets/Blocking Models/Bote Yogurt 1lt.fbx using Guid(2e20aac35e889984da34ea71e0a981d0) Importer(815301076,1909f56bfc062723c751e8b465ee728b)  -> (artifact id: '8f8548865f300dd7b5fa22f01023707d') in 0.050653 seconds 
========================================================================
Received Import Request.
  Time since last request: 0.000027 seconds.
  path: Assets/Blocking Models/Huevo.fbx
  artifactKey: Guid(aabee9eaf04c0ac4b86125f3cfc1ed80) Importer(815301076,1909f56bfc062723c751e8b465ee728b)
Start importing Assets/Blocking Models/Huevo.fbx using Guid(aabee9eaf04c0ac4b86125f3cfc1ed80) Importer(815301076,1909f56bfc062723c751e8b465ee728b)  -> (artifact id: 'bbc15397fcb44933f54c155a859a5565') in 0.011562 seconds 
========================================================================
Received Import Request.
  Time since last request: 0.000020 seconds.
  path: Assets/Blocking Models/Leche.fbx
  artifactKey: Guid(49beff9d9d1744546a3c8021bbf0e00d) Importer(815301076,1909f56bfc062723c751e8b465ee728b)
Start importing Assets/Blocking Models/Leche.fbx using Guid(49beff9d9d1744546a3c8021bbf0e00d) Importer(815301076,1909f56bfc062723c751e8b465ee728b)  -> (artifact id: '64fe5fc425c16df5b441d04eb8be6e9c') in 0.010636 seconds 
========================================================================
Received Import Request.
  Time since last request: 0.000025 seconds.
  path: Assets/Blocking Models/Mantequilla.fbx
  artifactKey: Guid(b20959077074eb4438734b772fcfca7d) Importer(815301076,1909f56bfc062723c751e8b465ee728b)
Start importing Assets/Blocking Models/Mantequilla.fbx using Guid(b20959077074eb4438734b772fcfca7d) Importer(815301076,1909f56bfc062723c751e8b465ee728b)  -> (artifact id: 'e43a4af07ac40117d2918795dea5d03c') in 0.011059 seconds 
========================================================================
Received Import Request.
  Time since last request: 0.000028 seconds.
  path: Assets/Blocking Models/Manzana.fbx
  artifactKey: Guid(dc229c83fd0465445a9ed33653a10131) Importer(815301076,1909f56bfc062723c751e8b465ee728b)
Start importing Assets/Blocking Models/Manzana.fbx using Guid(dc229c83fd0465445a9ed33653a10131) Importer(815301076,1909f56bfc062723c751e8b465ee728b)  -> (artifact id: '3c5218d1956035a27aa2ea6a49acec02') in 0.011168 seconds 
========================================================================
Received Import Request.
  Time since last request: 0.000022 seconds.
  path: Assets/Blocking Models/Platano.fbx
  artifactKey: Guid(c5787ba57b85f174ab2937e956553033) Importer(815301076,1909f56bfc062723c751e8b465ee728b)
Start importing Assets/Blocking Models/Platano.fbx using Guid(c5787ba57b85f174ab2937e956553033) Importer(815301076,1909f56bfc062723c751e8b465ee728b)  -> (artifact id: '7583debaca14ce03e9be798282e6bf18') in 0.011588 seconds 
========================================================================
Received Import Request.
  Time since last request: 485.941965 seconds.
  path: Assets/Materiales/Grid_Checker 6.mat
  artifactKey: Guid(67c5c988d6310fd40b2ca22244d2b4c9) Importer(815301076,1909f56bfc062723c751e8b465ee728b)
Start importing Assets/Materiales/Grid_Checker 6.mat using Guid(67c5c988d6310fd40b2ca22244d2b4c9) Importer(815301076,1909f56bfc062723c751e8b465ee728b)  -> (artifact id: '30c91e2a490829a98f0b851cfabb6796') in 0.018568 seconds 
========================================================================
Received Import Request.
  Time since last request: 123.629927 seconds.
  path: Assets/Materiales/Grid_Checker 6.mat
  artifactKey: Guid(67c5c988d6310fd40b2ca22244d2b4c9) Importer(815301076,1909f56bfc062723c751e8b465ee728b)
Start importing Assets/Materiales/Grid_Checker 6.mat using Guid(67c5c988d6310fd40b2ca22244d2b4c9) Importer(815301076,1909f56bfc062723c751e8b465ee728b)  -> (artifact id: '3e8f05d2b2615c1eb149567a676da421') in 0.011372 seconds 
